<?xml version="1.0" encoding="UTF-8"?>
<!-- Generated by org.testng.reporters.JUnitXMLReporter -->
<testsuite hostname="Adekoyas-MacBook-Pro.local" ignored="2" name="Ebay Pages Test" tests="1" failures="0" timestamp="14 Sep 2021 22:10:42 GMT" time="0.987" errors="0">
  <testcase name="init" time="0.947" classname="com.target.test.TargetHomePageTest"/>
  <testcase name="@AfterSuite endTest" time="0.0" classname="com.ebay.test.TestBase">
    <ignored/>
  </testcase> <!-- @AfterSuite endTest -->
  <testcase name="@BeforeSuite initialize" time="0.0" classname="com.ebay.test.TestBase">
    <ignored/>
  </testcase> <!-- @BeforeSuite initialize -->
</testsuite> <!-- Ebay Pages Test -->
