<?xml version="1.0" encoding="UTF-8"?>
<testng-results skipped="0" failed="0" ignored="2" total="3" passed="1">
  <reporter-output>
  </reporter-output>
  <suite name="suite" duration-ms="987" started-at="2021-09-14T22:10:36Z" finished-at="2021-09-14T22:10:37Z">
    <groups>
    </groups>
    <test name="Ebay Pages Test" duration-ms="987" started-at="2021-09-14T22:10:36Z" finished-at="2021-09-14T22:10:37Z">
      <class name="com.ebay.test.TestBase">
        <test-method status="PASS" signature="initialize()[pri:0, instance:com.ebay.test.TestBase@3fb6a447]" name="initialize" is-config="true" duration-ms="10538" started-at="2021-09-14T22:10:26Z" finished-at="2021-09-14T22:10:36Z">
          <reporter-output>
          </reporter-output>
        </test-method> <!-- initialize -->
        <test-method status="PASS" signature="endTest()[pri:0, instance:com.ebay.test.TestBase@3fb6a447]" name="endTest" is-config="true" duration-ms="351" started-at="2021-09-14T22:10:42Z" finished-at="2021-09-14T22:10:43Z">
          <reporter-output>
          </reporter-output>
        </test-method> <!-- endTest -->
      </class> <!-- com.ebay.test.TestBase -->
      <class name="com.target.test.TargetHomePageTest">
        <test-method status="PASS" signature="init()[pri:0, instance:com.target.test.TargetHomePageTest@79b4d0f]" name="init" duration-ms="947" started-at="2021-09-14T22:10:36Z" finished-at="2021-09-14T22:10:37Z">
          <reporter-output>
          </reporter-output>
        </test-method> <!-- init -->
      </class> <!-- com.target.test.TargetHomePageTest -->
    </test> <!-- Ebay Pages Test -->
  </suite> <!-- suite -->
</testng-results>
